<?xml version="1.0" encoding="UTF-8"?>
<Site BuildName="(empty)"
	BuildStamp="20250228-0136-Experimental"
	Name="raspberrypi"
	Generator="ctest-3.16.3"
	CompilerName="/usr/bin/aarch64-linux-gnu-g++"
	CompilerVersion="9.4.0"
	OSName="Linux"
	Hostname="raspberrypi"
	OSRelease="5.4.0-1122-raspi"
	OSVersion="#134-Ubuntu SMP PREEMPT Fri Jan 17 12:48:32 UTC 2025"
	OSPlatform="aarch64"
	Is64Bits="1"
	VendorString=""
	VendorID="Unknown Manufacturer"
	FamilyID="8"
	ModelID="0"
	ProcessorCacheSize="0"
	NumberOfLogicalCPU="4"
	NumberOfPhysicalCPU="1"
	TotalVirtualMemory="0"
	TotalPhysicalMemory="7809"
	LogicalProcessorsPerPhysical="4"
	ProcessorClockFrequency="0"
	>
	<Testing>
		<StartDateTime>Feb 28 17:40 CST</StartDateTime>
		<StartTestTime>1740735609</StartTestTime>
		<TestList/>
		<EndDateTime>Feb 28 17:40 CST</EndDateTime>
		<EndTestTime>1740735609</EndTestTime>
		<ElapsedMinutes>0</ElapsedMinutes>
	</Testing>
</Site>
